Godot Engine v3.2.3.stable.official - https://godotengine.org
OpenGL ES 3.0 Renderer: GeForce GTX 1060 6GB/PCIe/SSE2
 
**WARNING**: No small icon found, reusing 256x256 @32768 icon!
   At: platform/windows/os_windows.cpp:3007:set_native_icon() - No small icon found, reusing 256x256 @32768 icon!
**ERROR**: Convex decomposing failed!
   At: core/math/geometry.cpp:702:decompose_polygon_in_convex() - Convex decomposing failed!
**ERROR**: Convex decomposing failed!
   At: core/math/geometry.cpp:702:decompose_polygon_in_convex() - Convex decomposing failed!
Obilisk placed
collided with Sword while frozen
FUNKTIONIERE DOCH
[Polygon2D:7102]
[Polygon2D:7103]
[Polygon2D:7104]
[Polygon2D:7105]
[Polygon2D:7106]
[Polygon2D:7107]
[Polygon2D:7108]
[Polygon2D:7109]
[Polygon2D:7110]
[Polygon2D:7111]
[Polygon2D:7112]
2 Coins/40% or >40% Chance
saved
collided with Sword while frozen
collided with Sword while frozen
collided with Sword while frozen
FUNKTIONIERE DOCH
hit
FUNKTIONIERE DOCH
hit
FUNKTIONIERE DOCH
hit
FUNKTIONIERE DOCH
hit
[Polygon2D:13823]
[Polygon2D:13824]
[Polygon2D:13825]
[Polygon2D:13826]
[Polygon2D:13827]
[Polygon2D:13828]
[Polygon2D:13829]
[Polygon2D:13830]
[Polygon2D:13831]
2 Coins/40% or >40% Chance
saved
collided with Sword while frozen
press E
press E
activated
Obilisk placed
FUNKTIONIERE DOCH
[Polygon2D:18715]
[Polygon2D:18716]
[Polygon2D:18717]
[Polygon2D:18718]
[Polygon2D:18719]
[Polygon2D:18720]
[Polygon2D:18721]
[Polygon2D:18722]
[Polygon2D:18723]
[Polygon2D:18724]
10 Coins/10%-40% Chance
saved
FUNKTIONIERE DOCH
[Polygon2D:19860]
[Polygon2D:19861]
[Polygon2D:19862]
[Polygon2D:19863]
[Polygon2D:19864]
[Polygon2D:19865]
[Polygon2D:19866]
[Polygon2D:19867]
[Polygon2D:19868]
[Polygon2D:19869]
[Polygon2D:19870]
2 Coins/40% or >40% Chance
saved
FUNKTIONIERE DOCH
hit
FUNKTIONIERE DOCH
hit
2 Coins/40% or >40% Chance
saved
FUNKTIONIERE DOCH
hit
2 Coins/40% or >40% Chance
saved
activated
Obilisk placed
10 Coins/10%-40% Chance
saved
FUNKTIONIERE DOCH
[Polygon2D:25796]
[Polygon2D:25797]
[Polygon2D:25798]
[Polygon2D:25799]
[Polygon2D:25800]
[Polygon2D:25801]
[Polygon2D:25802]
[Polygon2D:25803]
[Polygon2D:25804]
[Polygon2D:25805]
[Polygon2D:25806]
[Polygon2D:25807]
2 Coins/40% or >40% Chance
saved
FUNKTIONIERE DOCH
[Polygon2D:26358]
[Polygon2D:26359]
[Polygon2D:26360]
[Polygon2D:26361]
[Polygon2D:26362]
[Polygon2D:26363]
[Polygon2D:26364]
[Polygon2D:26365]
[Polygon2D:26366]
[Polygon2D:26367]
FUNKTIONIERE DOCH
[Polygon2D:27081]
[Polygon2D:27082]
[Polygon2D:27083]
[Polygon2D:27084]
[Polygon2D:27085]
[Polygon2D:27086]
[Polygon2D:27087]
[Polygon2D:27088]
[Polygon2D:27089]
[Polygon2D:27090]
[Polygon2D:27091]
[Polygon2D:27092]
10 Coins/10%-40% Chance
saved
FUNKTIONIERE DOCH
hit
activated
FUNKTIONIERE DOCH
hit
FUNKTIONIERE DOCH
hit
FUNKTIONIERE DOCH
hit
2 Coins/40% or >40% Chance
saved
FUNKTIONIERE DOCH
hit
2 Coins/40% or >40% Chance
saved
FUNKTIONIERE DOCH
hit
[Polygon2D:35091]
[Polygon2D:35092]
[Polygon2D:35093]
[Polygon2D:35094]
[Polygon2D:35095]
[Polygon2D:35096]
[Polygon2D:35097]
[Polygon2D:35098]
[Polygon2D:35099]
10 Coins/10%-40% Chance
saved
FUNKTIONIERE DOCH
hit
FUNKTIONIERE DOCH
hit
FUNKTIONIERE DOCH
hit
FUNKTIONIERE DOCH
hit
2 Coins/40% or >40% Chance
saved
FUNKTIONIERE DOCH
hit
Obilisk placed
FUNKTIONIERE DOCH
hit
FUNKTIONIERE DOCH
[Polygon2D:41831]
[Polygon2D:41832]
[Polygon2D:41833]
[Polygon2D:41834]
[Polygon2D:41835]
[Polygon2D:41836]
[Polygon2D:41837]
[Polygon2D:41838]
[Polygon2D:41839]
[Polygon2D:41840]
[Polygon2D:41841]
FUNKTIONIERE DOCH
hit
FUNKTIONIERE DOCH
saved
FUNKTIONIERE DOCH
hit
**ERROR**: Convex decomposing failed!
   At: core/math/geometry.cpp:702:decompose_polygon_in_convex() - Convex decomposing failed!
**ERROR**: Convex decomposing failed!
   At: core/math/geometry.cpp:702:decompose_polygon_in_convex() - Convex decomposing failed!
Obilisk placed
collided with Sword while frozen
10 Coins/10%-40% Chance
saved
2 Coins/40% or >40% Chance
saved
FUNKTIONIERE DOCH
hit
[Polygon2D:50059]
[Polygon2D:50060]
[Polygon2D:50061]
[Polygon2D:50062]
[Polygon2D:50063]
[Polygon2D:50064]
[Polygon2D:50065]
[Polygon2D:50066]
[Polygon2D:50067]
[Polygon2D:50068]
activated
Obilisk placed
FUNKTIONIERE DOCH
FUNKTIONIERE DOCH
[Polygon2D:53135]
[Polygon2D:53136]
[Polygon2D:53137]
[Polygon2D:53138]
[Polygon2D:53139]
[Polygon2D:53140]
[Polygon2D:53141]
[Polygon2D:53142]
[Polygon2D:53143]
10 Coins/10%-40% Chance
saved
FUNKTIONIERE DOCH
hit
[Polygon2D:54175]
[Polygon2D:54176]
[Polygon2D:54177]
[Polygon2D:54178]
[Polygon2D:54179]
[Polygon2D:54180]
[Polygon2D:54181]
[Polygon2D:54182]
[Polygon2D:54183]
[Polygon2D:54184]
[Polygon2D:54185]
10 Coins/10%-40% Chance
saved
FUNKTIONIERE DOCH
hit
activated
FUNKTIONIERE DOCH
hit
Obilisk placed
2 Coins/40% or >40% Chance
saved
FUNKTIONIERE DOCH
hit
saved
**ERROR**: Convex decomposing failed!
   At: core/math/geometry.cpp:702:decompose_polygon_in_convex() - Convex decomposing failed!
**ERROR**: Convex decomposing failed!
   At: core/math/geometry.cpp:702:decompose_polygon_in_convex() - Convex decomposing failed!
Obilisk placed
FUNKTIONIERE DOCH
hit
collided with Sword while frozen
2 Coins/40% or >40% Chance
saved
2 Coins/40% or >40% Chance
saved
2 Coins/40% or >40% Chance
saved
activated
Obilisk placed
10 Coins/10%-40% Chance
saved
10 Coins/10%-40% Chance
saved
FUNKTIONIERE DOCH
hit
activated
FUNKTIONIERE DOCH
hit
10 Coins/10%-40% Chance
saved
FUNKTIONIERE DOCH
hit
10 Coins/10%-40% Chance
saved
Obilisk placed
2 Coins/40% or >40% Chance
saved
10 Coins/10%-40% Chance
saved
FUNKTIONIERE DOCH
hit
2 Coins/40% or >40% Chance
saved
activated
FUNKTIONIERE DOCH
hit
FUNKTIONIERE DOCH
hit
FUNKTIONIERE DOCH
hit
10 Coins/10%-40% Chance
saved
Obilisk placed
2 Coins/40% or >40% Chance
saved
FUNKTIONIERE DOCH
hit
FUNKTIONIERE DOCH
hit
FUNKTIONIERE DOCH
hit
2 Coins/40% or >40% Chance
saved
2 Coins/40% or >40% Chance
saved
10 Coins/10%-40% Chance
saved
activated
FUNKTIONIERE DOCH
hit
hit
2 Coins/40% or >40% Chance
saved
FUNKTIONIERE DOCH
hit
2 Coins/40% or >40% Chance
saved
10 Coins/10%-40% Chance
saved
FUNKTIONIERE DOCH
hit
FUNKTIONIERE DOCH
[Polygon2D:89418]
[Polygon2D:89419]
[Polygon2D:89420]
[Polygon2D:89421]
[Polygon2D:89422]
[Polygon2D:89423]
[Polygon2D:89424]
[Polygon2D:89425]
[Polygon2D:89426]
[Polygon2D:89427]
hit
FUNKTIONIERE DOCH
hit
hit
2 Coins/40% or >40% Chance
saved
FUNKTIONIERE DOCH
hit
FUNKTIONIERE DOCH
hit
hit
[Polygon2D:91708]
[Polygon2D:91709]
[Polygon2D:91710]
[Polygon2D:91711]
[Polygon2D:91712]
[Polygon2D:91713]
[Polygon2D:91714]
[Polygon2D:91715]
[Polygon2D:91716]
[Polygon2D:91717]
[Polygon2D:91718]
FUNKTIONIERE DOCH
[Polygon2D:92819]
[Polygon2D:92820]
[Polygon2D:92821]
[Polygon2D:92822]
[Polygon2D:92823]
[Polygon2D:92824]
[Polygon2D:92825]
[Polygon2D:92826]
[Polygon2D:92827]
FUNKTIONIERE DOCH
FUNKTIONIERE DOCH
hit
2 Coins/40% or >40% Chance
saved
FUNKTIONIERE DOCH
hit
hit
hit
Obilisk placed
FUNKTIONIERE DOCH
hit
FUNKTIONIERE DOCH
hit
10 Coins/10%-40% Chance
saved
10 Coins/10%-40% Chance
saved
FUNKTIONIERE DOCH
hit
FUNKTIONIERE DOCH
hit
FUNKTIONIERE DOCH
hit
10 Coins/10%-40% Chance
saved
activated
FUNKTIONIERE DOCH
hit
Obilisk placed
FUNKTIONIERE DOCH
hit
get hit
collided with Sword while frozen
2 Coins/40% or >40% Chance
saved
collided with Sword while frozen
press E
FUNKTIONIERE DOCH
[Polygon2D:109930]
[Polygon2D:109931]
[Polygon2D:109932]
[Polygon2D:109933]
[Polygon2D:109934]
[Polygon2D:109935]
[Polygon2D:109936]
[Polygon2D:109937]
[Polygon2D:109938]
[Polygon2D:109939]
[Polygon2D:109940]
10 Coins/10%-40% Chance
saved
FUNKTIONIERE DOCH
[Polygon2D:110267]
[Polygon2D:110268]
[Polygon2D:110269]
[Polygon2D:110270]
[Polygon2D:110271]
[Polygon2D:110272]
[Polygon2D:110273]
[Polygon2D:110274]
[Polygon2D:110275]
[Polygon2D:110276]
[Polygon2D:110313]
[Polygon2D:110314]
[Polygon2D:110315]
[Polygon2D:110316]
[Polygon2D:110317]
[Polygon2D:110318]
[Polygon2D:110319]
[Polygon2D:110320]
[Polygon2D:110321]
[Polygon2D:110322]
[Polygon2D:110323]
10 Coins/10%-40% Chance
saved
2 Coins/40% or >40% Chance
saved
press E
FUNKTIONIERE DOCH
[Polygon2D:111911]
[Polygon2D:111912]
[Polygon2D:111913]
[Polygon2D:111914]
[Polygon2D:111915]
[Polygon2D:111916]
[Polygon2D:111917]
[Polygon2D:111918]
[Polygon2D:111919]
[Polygon2D:111920]
[Polygon2D:111921]
2 Coins/40% or >40% Chance
saved
2 Coins/40% or >40% Chance
saved
2 Coins/40% or >40% Chance
saved
collided with Sword while frozen
FUNKTIONIERE DOCH
[Polygon2D:113650]
[Polygon2D:113651]
[Polygon2D:113652]
[Polygon2D:113653]
[Polygon2D:113654]
[Polygon2D:113655]
[Polygon2D:113656]
[Polygon2D:113657]
[Polygon2D:113658]
2 Coins/40% or >40% Chance
saved
collided with Sword while frozen
FUNKTIONIERE DOCH
hit
FUNKTIONIERE DOCH
hit
FUNKTIONIERE DOCH
FUNKTIONIERE DOCH
FUNKTIONIERE DOCH
hit
FUNKTIONIERE DOCH
hit
FUNKTIONIERE DOCH
hit
FUNKTIONIERE DOCH
hit
press E
press E
saved
saved
saved
saved
saved
saved
saved
saved
saved
saved
saved
saved
saved
saved
saved
saved
saved
saved
saved
saved
saved
saved
saved
saved
saved
saved
saved
saved
saved
saved
saved
saved
saved
saved
saved
saved
saved
saved
saved
saved
saved
saved
saved
saved
saved
saved
saved
saved
saved
saved
saved
saved
saved
saved
saved
saved
saved
saved
saved
saved
saved
saved
saved
saved
saved
saved
saved
saved
saved
saved
saved
saved
saved
saved
saved
saved
saved
saved
saved
saved
saved
saved
saved
saved
saved
saved
saved
saved
saved
saved
saved
saved
saved
saved
saved
saved
saved
saved
saved
saved
saved
saved
saved
saved
saved
saved
saved
saved
saved
saved
saved
saved
saved
saved
saved
saved
saved
saved
saved
saved
saved
saved
saved
saved
saved
saved
saved
saved
saved
saved
saved
saved
saved
saved
saved
saved
saved
saved
saved
saved
saved
saved
saved
saved
saved
saved
saved
saved
saved
saved
saved
saved
saved
saved
saved
saved
saved
saved
saved
saved
saved
saved
saved
saved
saved
saved
saved
saved
saved
saved
saved
saved
saved
saved
saved
saved
saved
saved
activated
**ERROR**: Condition "_first != __null" is true.
   At: ./core/self_list.h:112:~List() - Condition "_first != __null" is true.
**ERROR**: Condition "_first != __null" is true.
   At: ./core/self_list.h:112:~List() - Condition "_first != __null" is true.
**WARNING**: ObjectDB instances leaked at exit (run with --verbose for details).
   At: core/object.cpp:2135:cleanup() - ObjectDB instances leaked at exit (run with --verbose for details).
**ERROR**: Resources still in use at exit (run with --verbose for details).
   At: core/resource.cpp:477:clear() - Resources still in use at exit (run with --verbose for details).
